Info: Start Nativelink Simulation process

========= EDA Simulation Settings =====================

Sim Mode              :  Gate
Family                :  cycloneii
Quartus root          :  d:/quartus/quartus/bin64/
Quartus sim root      :  d:/quartus/quartus/eda/sim_lib
Simulation Tool       :  modelsim-altera
Simulation Language   :  verilog
Simulation Mode       :  GUI
Sim Output File       :  UART.vo
Sim SDF file          :  UART__verilog.sdo
Sim dir               :  simulation\modelsim

=======================================================

Info: Starting NativeLink simulation with ModelSim-Altera software
Sourced NativeLink script d:/quartus/quartus/common/tcl/internal/nativelink/modelsim.tcl
Warning: File UART_run_msim_gate_verilog.do already exists - backing up current file as UART_run_msim_gate_verilog.do.bak4
Probing transcript
ModelSim-Altera Info: # Reading D:/Quartus/modelsim_ase/tcl/vsim/pref.tcl 
ModelSim-Altera Info: # do UART_run_msim_gate_verilog.do 
ModelSim-Altera Info: # if {[file exists gate_work]} {
ModelSim-Altera Info: # 	vdel -lib gate_work -all
ModelSim-Altera Info: # }
ModelSim-Altera Info: # vlib gate_work
ModelSim-Altera Info: # vmap work gate_work
ModelSim-Altera Info: # Copying D:\Quartus\modelsim_ase\win32aloem/../modelsim.ini to modelsim.ini
ModelSim-Altera Info: # Modifying modelsim.ini
ModelSim-Altera Warning: # ** Warning: Copied D:\Quartus\modelsim_ase\win32aloem/../modelsim.ini to modelsim.ini.
ModelSim-Altera Info: #          Updated modelsim.ini.
ModelSim-Altera Info: # 
ModelSim-Altera Info: # vlog -vlog01compat -work work +incdir+. {UART.vo}
ModelSim-Altera Info: # Model Technology ModelSim ALTERA vlog 10.1d Compiler 2012.11 Nov  2 2012
ModelSim-Altera Info: # -- Compiling module retra
ModelSim-Altera Info: # 
ModelSim-Altera Info: # Top level modules:
ModelSim-Altera Info: # 	retra
ModelSim-Altera Info: # 
ModelSim-Altera Info: # vlog -vlog01compat -work work +incdir+D:/Quartus/UART {D:/Quartus/UART/retra_tb.v}
ModelSim-Altera Info: # Model Technology ModelSim ALTERA vlog 10.1d Compiler 2012.11 Nov  2 2012
ModelSim-Altera Info: # -- Compiling module retra_tb
ModelSim-Altera Info: # 
ModelSim-Altera Info: # Top level modules:
ModelSim-Altera Info: # 	retra_tb
ModelSim-Altera Info: # 
ModelSim-Altera Info: # vsim -t 1ps +transport_int_delays +transport_path_delays -L cycloneii_ver -L gate_work -L work -voptargs="+acc"  retra_tb
ModelSim-Altera Info: # vsim +transport_int_delays +transport_path_delays -L cycloneii_ver -L gate_work -L work -voptargs=\"+acc\" -t 1ps retra_tb 
ModelSim-Altera Info: # Loading work.retra_tb
ModelSim-Altera Info: # Loading work.retra
ModelSim-Altera Info: # Loading cycloneii_ver.cycloneii_lcell_ff
ModelSim-Altera Info: # Loading cycloneii_ver.cycloneii_lcell_comb
ModelSim-Altera Info: # Loading cycloneii_ver.cycloneii_io
ModelSim-Altera Info: # Loading cycloneii_ver.cycloneii_mux21
ModelSim-Altera Info: # Loading cycloneii_ver.cycloneii_dffe
ModelSim-Altera Info: # Loading cycloneii_ver.cycloneii_asynch_io
ModelSim-Altera Info: # Loading cycloneii_ver.cycloneii_clkctrl
ModelSim-Altera Info: # Loading cycloneii_ver.cycloneii_mux41
ModelSim-Altera Info: # Loading cycloneii_ver.cycloneii_ena_reg
ModelSim-Altera Info: # SDF 10.1d Compiler 2012.11 Nov  2 2012
ModelSim-Altera Info: # 
ModelSim-Altera Info: # Loading instances from UART_v.sdo
ModelSim-Altera Info: # Loading cycloneii_ver.CYCLONEII_PRIM_DFFE
ModelSim-Altera Info: # Loading timing data from UART_v.sdo
ModelSim-Altera Info: # ** Note: (vsim-3587) SDF Backannotation Successfully Completed.
ModelSim-Altera Info: #    Time: 0 ps  Iteration: 0  Instance: /retra_tb File: D:/Quartus/UART/retra_tb.v
ModelSim-Altera Info: # 
ModelSim-Altera Info: # add wave *
ModelSim-Altera Info: # view structure
ModelSim-Altera Info: # .main_pane.structure.interior.cs.body.struct
ModelSim-Altera Info: # view signals
ModelSim-Altera Info: # .main_pane.objects.interior.cs.body.tree
ModelSim-Altera Info: # run -all
ModelSim-Altera Info: # Break key hit 
ModelSim-Altera Info: # Break in Module cycloneii_lcell_ff at D:/Quartus/modelsim_ase/win32aloem/../altera/verilog/src/cycloneii_atoms.v line 5391
Info: NativeLink simulation flow was successful
